#
# There is insufficient memory for the Java Runtime Environment to continue.
# Native memory allocation (malloc) failed to allocate 2201616 bytes for Chunk::new
# Possible reasons:
#   The system is out of physical RAM or swap space
#   The process is running with CompressedOops enabled, and the Java Heap may be blocking the growth of the native heap
# Possible solutions:
#   Reduce memory load on the system
#   Increase physical memory or swap space
#   Check if swap backing store is full
#   Decrease Java heap size (-Xmx/-Xms)
#   Decrease number of Java threads
#   Decrease Java thread stack sizes (-Xss)
#   Set larger code cache with -XX:ReservedCodeCacheSize=
#   JVM is running with Unscaled Compressed Oops mode in which the Java heap is
#     placed in the first 4GB address space. The Java Heap base address is the
#     maximum limit for the native heap growth. Please use -XX:HeapBaseMinAddress
#     to set the Java Heap base and to place the Java Heap above 4GB virtual address.
# This output file may be truncated or incomplete.
#
#  Out of Memory Error (./src/hotspot/share/memory/arena.cpp:197), pid=11848, tid=8988
#
# JRE version: OpenJDK Runtime Environment (11.0.8+10) (build 11.0.8+10-b944.6842174)
# Java VM: OpenJDK 64-Bit Server VM (11.0.8+10-b944.6842174, mixed mode, tiered, compressed oops, g1 gc, windows-amd64)
# No core dump will be written. Minidumps are not enabled by default on client versions of Windows
#

---------------  S U M M A R Y ------------

Command Line: org.jetbrains.kotlin.cli.jvm.K2JVMCompiler @C:\Users\Admin\AndroidStudioProjects\ListenToMusic\app\build\20210915_13481434515129323202.compiler.options

Host: Intel(R) Core(TM) i5-9300HF CPU @ 2.40GHz, 8 cores, 7G,  Windows 10 , 64 bit Build 19041 (10.0.19041.1151)
Time: Wed Sep 15 13:16:01 2021 SE Asia Standard Time elapsed time: 2 seconds (0d 0h 0m 2s)

---------------  T H R E A D  ---------------

Current thread (0x000001a9e281b000):  JavaThread "C2 CompilerThread0" daemon [_thread_in_native, id=8988, stack(0x0000006763900000,0x0000006763a00000)]


Current CompileTask:
C2:   2362 3285       4       java.lang.ClassLoader::loadClass (7 bytes)

Stack: [0x0000006763900000,0x0000006763a00000]
Native frames: (J=compiled Java code, j=interpreted, Vv=VM code, C=native code)
V  [jvm.dll+0x5de50a]
V  [jvm.dll+0x7122f5]
V  [jvm.dll+0x71384d]
V  [jvm.dll+0x713f03]
V  [jvm.dll+0x23e728]
V  [jvm.dll+0xb899c]
V  [jvm.dll+0xb8e9c]
V  [jvm.dll+0x35020b]
V  [jvm.dll+0x31dea3]
V  [jvm.dll+0x31d39a]
V  [jvm.dll+0x1f7702]
V  [jvm.dll+0x1f68d4]
V  [jvm.dll+0x17f32c]
V  [jvm.dll+0x205047]
V  [jvm.dll+0x203891]
V  [jvm.dll+0x6dad3f]
V  [jvm.dll+0x6d3895]
V  [jvm.dll+0x5dd4a6]
C  [ucrtbase.dll+0x21bb2]
C  [KERNEL32.DLL+0x17034]
C  [ntdll.dll+0x52651]


---------------  P R O C E S S  ---------------

Threads class SMR info:
_java_thread_list=0x000001a9e296feb0, length=12, elements={
0x000001a9c5c2d000, 0x000001a9e1e9a800, 0x000001a9e1ea6000, 0x000001a9e2817800,
0x000001a9e2819000, 0x000001a9e281b000, 0x000001a9e281d000, 0x000001a9e2821000,
0x000001a9e2969800, 0x000001a9e2972800, 0x000001a9e2984800, 0x000001a9e2983000
}

Java Threads: ( => current thread )
  0x000001a9c5c2d000 JavaThread "main" [_thread_in_vm, id=14260, stack(0x0000006762e00000,0x0000006762f00000)]
  0x000001a9e1e9a800 JavaThread "Reference Handler" daemon [_thread_blocked, id=16600, stack(0x0000006763500000,0x0000006763600000)]
  0x000001a9e1ea6000 JavaThread "Finalizer" daemon [_thread_blocked, id=3296, stack(0x0000006763600000,0x0000006763700000)]
  0x000001a9e2817800 JavaThread "Signal Dispatcher" daemon [_thread_blocked, id=1888, stack(0x0000006763700000,0x0000006763800000)]
  0x000001a9e2819000 JavaThread "Attach Listener" daemon [_thread_blocked, id=1848, stack(0x0000006763800000,0x0000006763900000)]
=>0x000001a9e281b000 JavaThread "C2 CompilerThread0" daemon [_thread_in_native, id=8988, stack(0x0000006763900000,0x0000006763a00000)]
  0x000001a9e281d000 JavaThread "C1 CompilerThread0" daemon [_thread_in_native, id=10380, stack(0x0000006763a00000,0x0000006763b00000)]
  0x000001a9e2821000 JavaThread "Sweeper thread" daemon [_thread_blocked, id=8168, stack(0x0000006763b00000,0x0000006763c00000)]
  0x000001a9e2969800 JavaThread "Service Thread" daemon [_thread_blocked, id=3852, stack(0x0000006763c00000,0x0000006763d00000)]
  0x000001a9e2972800 JavaThread "Common-Cleaner" daemon [_thread_blocked, id=16876, stack(0x0000006763e00000,0x0000006763f00000)]
  0x000001a9e2984800 JavaThread "C2 CompilerThread1" daemon [_thread_in_native, id=14064, stack(0x0000006763f00000,0x0000006764000000)]
  0x000001a9e2983000 JavaThread "C2 CompilerThread2" daemon [_thread_in_native, id=5944, stack(0x0000006764000000,0x0000006764100000)]

Other Threads:
  0x000001a9e1e74000 VMThread "VM Thread" [stack: 0x0000006763400000,0x0000006763500000] [id=16004]
  0x000001a9e296a000 WatcherThread [stack: 0x0000006763d00000,0x0000006763e00000] [id=2460]
  0x000001a9c5c45000 GCTaskThread "GC Thread#0" [stack: 0x0000006762f00000,0x0000006763000000] [id=16108]
  0x000001a9e2fcd000 GCTaskThread "GC Thread#1" [stack: 0x0000006764100000,0x0000006764200000] [id=1984]
  0x000001a9e2fd0800 GCTaskThread "GC Thread#2" [stack: 0x0000006764200000,0x0000006764300000] [id=10800]
  0x000001a9c5c75000 ConcurrentGCThread "G1 Main Marker" [stack: 0x0000006763000000,0x0000006763100000] [id=18328]
  0x000001a9c5c76800 ConcurrentGCThread "G1 Conc#0" [stack: 0x0000006763100000,0x0000006763200000] [id=9104]
  0x000001a9e30b1000 ConcurrentGCThread "G1 Conc#1" [stack: 0x0000006764300000,0x0000006764400000] [id=3312]
  0x000001a9e1ce0800 ConcurrentGCThread "G1 Refine#0" [stack: 0x0000006763200000,0x0000006763300000] [id=14640]
  0x000001a9e1ce1800 ConcurrentGCThread "G1 Young RemSet Sampling" [stack: 0x0000006763300000,0x0000006763400000] [id=12828]

Threads with active compile tasks:
C2 CompilerThread0   2370 3285       4       java.lang.ClassLoader::loadClass (7 bytes)
C1 CompilerThread0   2370 3459       3       org.jetbrains.kotlin.load.java.structure.impl.classFiles.BinaryClassSignatureParser::parseTypeWithoutVarianceAndArray (196 bytes)
C2 CompilerThread1   2370 3457       4       java.text.StringCharacterIterator::next (46 bytes)
C2 CompilerThread2   2370 3338       4       jdk.internal.loader.ClassLoaders$AppClassLoader::loadClass (40 bytes)

VM state:not at safepoint (normal execution)

VM Mutex/Monitor currently owned by a thread: None

Heap address: 0x0000000081200000, size: 2030 MB, Compressed Oops mode: 32-bit
Narrow klass base: 0x0000000000000000, Narrow klass shift: 3
Compressed class space size: 1073741824 Address: 0x0000000100000000

Heap:
 garbage-first heap   total 162816K, used 35475K [0x0000000081200000, 0x0000000100000000)
  region size 1024K, 13 young (13312K), 6 survivors (6144K)
 Metaspace       used 45000K, capacity 45490K, committed 45696K, reserved 1089536K
  class space    used 5296K, capacity 5473K, committed 5504K, reserved 1048576K
Heap Regions: E=young(eden), S=young(survivor), O=old, HS=humongous(starts), HC=humongous(continues), CS=collection set, F=free, A=archive, TAMS=top-at-mark-start (previous, next)
|   0|0x0000000081200000, 0x0000000081300000, 0x0000000081300000|100%|HS|  |TAMS 0x0000000081300000, 0x0000000081200000| Complete 
|   1|0x0000000081300000, 0x0000000081400000, 0x0000000081400000|100%|HC|  |TAMS 0x0000000081400000, 0x0000000081300000| Complete 
|   2|0x0000000081400000, 0x0000000081500000, 0x0000000081500000|100%|HC|  |TAMS 0x0000000081500000, 0x0000000081400000| Complete 
|   3|0x0000000081500000, 0x0000000081600000, 0x0000000081600000|100%|HS|  |TAMS 0x0000000081600000, 0x0000000081500000| Complete 
|   4|0x0000000081600000, 0x0000000081700000, 0x0000000081700000|100%|HC|  |TAMS 0x0000000081700000, 0x0000000081600000| Complete 
|   5|0x0000000081700000, 0x0000000081800000, 0x0000000081800000|100%|HC|  |TAMS 0x0000000081800000, 0x0000000081700000| Complete 
|   6|0x0000000081800000, 0x0000000081900000, 0x0000000081900000|100%|HS|  |TAMS 0x0000000081900000, 0x0000000081800000| Complete 
|   7|0x0000000081900000, 0x0000000081a00000, 0x0000000081a00000|100%|HC|  |TAMS 0x0000000081a00000, 0x0000000081900000| Complete 
|   8|0x0000000081a00000, 0x0000000081b00000, 0x0000000081b00000|100%|HC|  |TAMS 0x0000000081b00000, 0x0000000081a00000| Complete 
|   9|0x0000000081b00000, 0x0000000081c00000, 0x0000000081c00000|100%| O|  |TAMS 0x0000000081c00000, 0x0000000081b00000| Untracked 
|  10|0x0000000081c00000, 0x0000000081d00000, 0x0000000081d00000|100%| O|  |TAMS 0x0000000081d00000, 0x0000000081c00000| Untracked 
|  11|0x0000000081d00000, 0x0000000081e00000, 0x0000000081e00000|100%| O|  |TAMS 0x0000000081e00000, 0x0000000081d00000| Untracked 
|  12|0x0000000081e00000, 0x0000000081f00000, 0x0000000081f00000|100%| O|  |TAMS 0x0000000081e20a00, 0x0000000081e00000| Untracked 
|  13|0x0000000081f00000, 0x0000000082000000, 0x0000000082000000|100%|HS|  |TAMS 0x0000000082000000, 0x0000000081f00000| Complete 
|  14|0x0000000082000000, 0x0000000082100000, 0x0000000082100000|100%|HC|  |TAMS 0x0000000082100000, 0x0000000082000000| Complete 
|  15|0x0000000082100000, 0x0000000082200000, 0x0000000082200000|100%| O|  |TAMS 0x0000000082200000, 0x0000000082100000| Untracked 
|  16|0x0000000082200000, 0x0000000082300000, 0x0000000082300000|100%| O|  |TAMS 0x0000000082300000, 0x0000000082200000| Untracked 
|  17|0x0000000082300000, 0x0000000082400000, 0x0000000082400000|100%| O|  |TAMS 0x0000000082400000, 0x0000000082300000| Untracked 
|  18|0x0000000082400000, 0x0000000082500000, 0x0000000082500000|100%| O|  |TAMS 0x0000000082500000, 0x0000000082400000| Untracked 
|  19|0x0000000082500000, 0x0000000082600000, 0x0000000082600000|100%| O|  |TAMS 0x0000000082500000, 0x0000000082500000| Untracked 
|  20|0x0000000082600000, 0x0000000082700000, 0x0000000082700000|100%| O|  |TAMS 0x0000000082600000, 0x0000000082600000| Untracked 
|  21|0x0000000082700000, 0x0000000082800000, 0x0000000082800000|100%| O|  |TAMS 0x0000000082700000, 0x0000000082700000| Untracked 
|  22|0x0000000082800000, 0x0000000082900000, 0x0000000082900000|100%| O|  |TAMS 0x0000000082800000, 0x0000000082800000| Untracked 
|  23|0x0000000082900000, 0x0000000082931c00, 0x0000000082a00000| 19%| O|  |TAMS 0x0000000082900000, 0x0000000082900000| Untracked 
|  24|0x0000000082a00000, 0x0000000082a00000, 0x0000000082b00000|  0%| F|  |TAMS 0x0000000082a00000, 0x0000000082a00000| Untracked 
|  25|0x0000000082b00000, 0x0000000082b00000, 0x0000000082c00000|  0%| F|  |TAMS 0x0000000082b00000, 0x0000000082b00000| Untracked 
|  26|0x0000000082c00000, 0x0000000082c00000, 0x0000000082d00000|  0%| F|  |TAMS 0x0000000082c00000, 0x0000000082c00000| Untracked 
|  27|0x0000000082d00000, 0x0000000082d00000, 0x0000000082e00000|  0%| F|  |TAMS 0x0000000082d00000, 0x0000000082d00000| Untracked 
|  28|0x0000000082e00000, 0x0000000082e00000, 0x0000000082f00000|  0%| F|  |TAMS 0x0000000082e00000, 0x0000000082e00000| Untracked 
|  29|0x0000000082f00000, 0x0000000082f00000, 0x0000000083000000|  0%| F|  |TAMS 0x0000000082f00000, 0x0000000082f00000| Untracked 
|  30|0x0000000083000000, 0x0000000083000000, 0x0000000083100000|  0%| F|  |TAMS 0x0000000083000000, 0x0000000083000000| Untracked 
|  31|0x0000000083100000, 0x0000000083100000, 0x0000000083200000|  0%| F|  |TAMS 0x0000000083100000, 0x0000000083100000| Untracked 
|  32|0x0000000083200000, 0x0000000083200000, 0x0000000083300000|  0%| F|  |TAMS 0x0000000083200000, 0x0000000083200000| Untracked 
|  33|0x0000000083300000, 0x0000000083300000, 0x0000000083400000|  0%| F|  |TAMS 0x0000000083300000, 0x0000000083300000| Untracked 
|  34|0x0000000083400000, 0x0000000083400000, 0x0000000083500000|  0%| F|  |TAMS 0x0000000083400000, 0x0000000083400000| Untracked 
|  35|0x0000000083500000, 0x0000000083500000, 0x0000000083600000|  0%| F|  |TAMS 0x0000000083500000, 0x0000000083500000| Untracked 
|  36|0x0000000083600000, 0x0000000083600000, 0x0000000083700000|  0%| F|  |TAMS 0x0000000083600000, 0x0000000083600000| Untracked 
|  37|0x0000000083700000, 0x0000000083700000, 0x0000000083800000|  0%| F|  |TAMS 0x0000000083700000, 0x0000000083700000| Untracked 
|  38|0x0000000083800000, 0x0000000083800000, 0x0000000083900000|  0%| F|  |TAMS 0x0000000083800000, 0x0000000083800000| Untracked 
|  39|0x0000000083900000, 0x0000000083900000, 0x0000000083a00000|  0%| F|  |TAMS 0x0000000083900000, 0x0000000083900000| Untracked 
|  40|0x0000000083a00000, 0x0000000083a00000, 0x0000000083b00000|  0%| F|  |TAMS 0x0000000083a00000, 0x0000000083a00000| Untracked 
|  41|0x0000000083b00000, 0x0000000083b00000, 0x0000000083c00000|  0%| F|  |TAMS 0x0000000083b00000, 0x0000000083b00000| Untracked 
|  42|0x0000000083c00000, 0x0000000083c00000, 0x0000000083d00000|  0%| F|  |TAMS 0x0000000083c00000, 0x0000000083c00000| Untracked 
|  43|0x0000000083d00000, 0x0000000083d00000, 0x0000000083e00000|  0%| F|  |TAMS 0x0000000083d00000, 0x0000000083d00000| Untracked 
|  44|0x0000000083e00000, 0x0000000083e00000, 0x0000000083f00000|  0%| F|  |TAMS 0x0000000083e00000, 0x0000000083e00000| Untracked 
|  45|0x0000000083f00000, 0x0000000083f00000, 0x0000000084000000|  0%| F|  |TAMS 0x0000000083f00000, 0x0000000083f00000| Untracked 
|  46|0x0000000084000000, 0x0000000084000000, 0x0000000084100000|  0%| F|  |TAMS 0x0000000084000000, 0x0000000084000000| Untracked 
|  47|0x0000000084100000, 0x0000000084100000, 0x0000000084200000|  0%| F|  |TAMS 0x0000000084100000, 0x0000000084100000| Untracked 
|  48|0x0000000084200000, 0x0000000084200000, 0x0000000084300000|  0%| F|  |TAMS 0x0000000084200000, 0x0000000084200000| Untracked 
|  49|0x0000000084300000, 0x0000000084300000, 0x0000000084400000|  0%| F|  |TAMS 0x0000000084300000, 0x0000000084300000| Untracked 
|  50|0x0000000084400000, 0x0000000084400000, 0x0000000084500000|  0%| F|  |TAMS 0x0000000084400000, 0x0000000084400000| Untracked 
|  51|0x0000000084500000, 0x0000000084500000, 0x0000000084600000|  0%| F|  |TAMS 0x0000000084500000, 0x0000000084500000| Untracked 
|  52|0x0000000084600000, 0x0000000084600000, 0x0000000084700000|  0%| F|  |TAMS 0x0000000084600000, 0x0000000084600000| Untracked 
|  53|0x0000000084700000, 0x0000000084700000, 0x0000000084800000|  0%| F|  |TAMS 0x0000000084700000, 0x0000000084700000| Untracked 
|  54|0x0000000084800000, 0x0000000084800000, 0x0000000084900000|  0%| F|  |TAMS 0x0000000084800000, 0x0000000084800000| Untracked 
|  55|0x0000000084900000, 0x0000000084900000, 0x0000000084a00000|  0%| F|  |TAMS 0x0000000084900000, 0x0000000084900000| Untracked 
|  56|0x0000000084a00000, 0x0000000084a00000, 0x0000000084b00000|  0%| F|  |TAMS 0x0000000084a00000, 0x0000000084a00000| Untracked 
|  57|0x0000000084b00000, 0x0000000084b00000, 0x0000000084c00000|  0%| F|  |TAMS 0x0000000084b00000, 0x0000000084b00000| Untracked 
|  58|0x0000000084c00000, 0x0000000084c00000, 0x0000000084d00000|  0%| F|  |TAMS 0x0000000084c00000, 0x0000000084c00000| Untracked 
|  59|0x0000000084d00000, 0x0000000084d00000, 0x0000000084e00000|  0%| F|  |TAMS 0x0000000084d00000, 0x0000000084d00000| Untracked 
|  60|0x0000000084e00000, 0x0000000084e00000, 0x0000000084f00000|  0%| F|  |TAMS 0x0000000084e00000, 0x0000000084e00000| Untracked 
|  61|0x0000000084f00000, 0x0000000084f00000, 0x0000000085000000|  0%| F|  |TAMS 0x0000000084f00000, 0x0000000084f00000| Untracked 
|  62|0x0000000085000000, 0x0000000085000000, 0x0000000085100000|  0%| F|  |TAMS 0x0000000085000000, 0x0000000085000000| Untracked 
|  63|0x0000000085100000, 0x0000000085100000, 0x0000000085200000|  0%| F|  |TAMS 0x0000000085100000, 0x0000000085100000| Untracked 
|  64|0x0000000085200000, 0x0000000085200000, 0x0000000085300000|  0%| F|  |TAMS 0x0000000085200000, 0x0000000085200000| Untracked 
|  65|0x0000000085300000, 0x0000000085300000, 0x0000000085400000|  0%| F|  |TAMS 0x0000000085300000, 0x0000000085300000| Untracked 
|  66|0x0000000085400000, 0x0000000085400000, 0x0000000085500000|  0%| F|  |TAMS 0x0000000085400000, 0x0000000085400000| Untracked 
|  67|0x0000000085500000, 0x0000000085500000, 0x0000000085600000|  0%| F|  |TAMS 0x0000000085500000, 0x0000000085500000| Untracked 
|  68|0x0000000085600000, 0x0000000085600000, 0x0000000085700000|  0%| F|  |TAMS 0x0000000085600000, 0x0000000085600000| Untracked 
|  69|0x0000000085700000, 0x0000000085700000, 0x0000000085800000|  0%| F|  |TAMS 0x0000000085700000, 0x0000000085700000| Untracked 
|  70|0x0000000085800000, 0x0000000085800000, 0x0000000085900000|  0%| F|  |TAMS 0x0000000085800000, 0x0000000085800000| Untracked 
|  71|0x0000000085900000, 0x0000000085900000, 0x0000000085a00000|  0%| F|  |TAMS 0x0000000085900000, 0x0000000085900000| Untracked 
|  72|0x0000000085a00000, 0x0000000085a00000, 0x0000000085b00000|  0%| F|  |TAMS 0x0000000085a00000, 0x0000000085a00000| Untracked 
|  73|0x0000000085b00000, 0x0000000085b00000, 0x0000000085c00000|  0%| F|  |TAMS 0x0000000085b00000, 0x0000000085b00000| Untracked 
|  74|0x0000000085c00000, 0x0000000085c00000, 0x0000000085d00000|  0%| F|  |TAMS 0x0000000085c00000, 0x0000000085c00000| Untracked 
|  75|0x0000000085d00000, 0x0000000085d00000, 0x0000000085e00000|  0%| F|  |TAMS 0x0000000085d00000, 0x0000000085d00000| Untracked 
|  76|0x0000000085e00000, 0x0000000085e00000, 0x0000000085f00000|  0%| F|  |TAMS 0x0000000085e00000, 0x0000000085e00000| Untracked 
|  77|0x0000000085f00000, 0x0000000085f732e8, 0x0000000086000000| 44%| S|CS|TAMS 0x0000000085f00000, 0x0000000085f00000| Complete 
|  78|0x0000000086000000, 0x0000000086100000, 0x0000000086100000|100%| S|CS|TAMS 0x0000000086000000, 0x0000000086000000| Complete 
|  79|0x0000000086100000, 0x0000000086200000, 0x0000000086200000|100%| S|CS|TAMS 0x0000000086100000, 0x0000000086100000| Complete 
|  80|0x0000000086200000, 0x0000000086300000, 0x0000000086300000|100%| S|CS|TAMS 0x0000000086200000, 0x0000000086200000| Complete 
|  81|0x0000000086300000, 0x0000000086400000, 0x0000000086400000|100%| S|CS|TAMS 0x0000000086300000, 0x0000000086300000| Complete 
|  82|0x0000000086400000, 0x0000000086500000, 0x0000000086500000|100%| S|CS|TAMS 0x0000000086400000, 0x0000000086400000| Complete 
|  83|0x0000000086500000, 0x0000000086500000, 0x0000000086600000|  0%| F|  |TAMS 0x0000000086500000, 0x0000000086500000| Untracked 
|  84|0x0000000086600000, 0x0000000086600000, 0x0000000086700000|  0%| F|  |TAMS 0x0000000086600000, 0x0000000086600000| Untracked 
|  85|0x0000000086700000, 0x0000000086700000, 0x0000000086800000|  0%| F|  |TAMS 0x0000000086700000, 0x0000000086700000| Untracked 
|  86|0x0000000086800000, 0x0000000086800000, 0x0000000086900000|  0%| F|  |TAMS 0x0000000086800000, 0x0000000086800000| Untracked 
|  87|0x0000000086900000, 0x0000000086900000, 0x0000000086a00000|  0%| F|  |TAMS 0x0000000086900000, 0x0000000086900000| Untracked 
|  88|0x0000000086a00000, 0x0000000086a00000, 0x0000000086b00000|  0%| F|  |TAMS 0x0000000086a00000, 0x0000000086a00000| Untracked 
|  89|0x0000000086b00000, 0x0000000086b00000, 0x0000000086c00000|  0%| F|  |TAMS 0x0000000086b00000, 0x0000000086b00000| Untracked 
|  90|0x0000000086c00000, 0x0000000086c00000, 0x0000000086d00000|  0%| F|  |TAMS 0x0000000086c00000, 0x0000000086c00000| Untracked 
|  91|0x0000000086d00000, 0x0000000086d00000, 0x0000000086e00000|  0%| F|  |TAMS 0x0000000086d00000, 0x0000000086d00000| Untracked 
|  92|0x0000000086e00000, 0x0000000086e00000, 0x0000000086f00000|  0%| F|  |TAMS 0x0000000086e00000, 0x0000000086e00000| Untracked 
|  93|0x0000000086f00000, 0x0000000086f00000, 0x0000000087000000|  0%| F|  |TAMS 0x0000000086f00000, 0x0000000086f00000| Untracked 
|  94|0x0000000087000000, 0x0000000087000000, 0x0000000087100000|  0%| F|  |TAMS 0x0000000087000000, 0x0000000087000000| Untracked 
|  95|0x0000000087100000, 0x0000000087100000, 0x0000000087200000|  0%| F|  |TAMS 0x0000000087100000, 0x0000000087100000| Untracked 
|  96|0x0000000087200000, 0x0000000087200000, 0x0000000087300000|  0%| F|  |TAMS 0x0000000087200000, 0x0000000087200000| Untracked 
|  97|0x0000000087300000, 0x0000000087300000, 0x0000000087400000|  0%| F|  |TAMS 0x0000000087300000, 0x0000000087300000| Untracked 
|  98|0x0000000087400000, 0x0000000087400000, 0x0000000087500000|  0%| F|  |TAMS 0x0000000087400000, 0x0000000087400000| Untracked 
|  99|0x0000000087500000, 0x0000000087500000, 0x0000000087600000|  0%| F|  |TAMS 0x0000000087500000, 0x0000000087500000| Untracked 
| 100|0x0000000087600000, 0x0000000087600000, 0x0000000087700000|  0%| F|  |TAMS 0x0000000087600000, 0x0000000087600000| Untracked 
| 101|0x0000000087700000, 0x0000000087700000, 0x0000000087800000|  0%| F|  |TAMS 0x0000000087700000, 0x0000000087700000| Untracked 
| 102|0x0000000087800000, 0x0000000087800000, 0x0000000087900000|  0%| F|  |TAMS 0x0000000087800000, 0x0000000087800000| Untracked 
| 103|0x0000000087900000, 0x0000000087900000, 0x0000000087a00000|  0%| F|  |TAMS 0x0000000087900000, 0x0000000087900000| Untracked 
| 104|0x0000000087a00000, 0x0000000087a00000, 0x0000000087b00000|  0%| F|  |TAMS 0x0000000087a00000, 0x0000000087a00000| Untracked 
| 105|0x0000000087b00000, 0x0000000087b00000, 0x0000000087c00000|  0%| F|  |TAMS 0x0000000087b00000, 0x0000000087b00000| Untracked 
| 106|0x0000000087c00000, 0x0000000087c00000, 0x0000000087d00000|  0%| F|  |TAMS 0x0000000087c00000, 0x0000000087c00000| Untracked 
| 107|0x0000000087d00000, 0x0000000087d00000, 0x0000000087e00000|  0%| F|  |TAMS 0x0000000087d00000, 0x0000000087d00000| Untracked 
| 108|0x0000000087e00000, 0x0000000087e00000, 0x0000000087f00000|  0%| F|  |TAMS 0x0000000087e00000, 0x0000000087e00000| Untracked 
| 109|0x0000000087f00000, 0x0000000087f00000, 0x0000000088000000|  0%| F|  |TAMS 0x0000000087f00000, 0x0000000087f00000| Untracked 
| 110|0x0000000088000000, 0x0000000088000000, 0x0000000088100000|  0%| F|  |TAMS 0x0000000088000000, 0x0000000088000000| Untracked 
| 111|0x0000000088100000, 0x0000000088100000, 0x0000000088200000|  0%| F|  |TAMS 0x0000000088100000, 0x0000000088100000| Untracked 
| 112|0x0000000088200000, 0x0000000088200000, 0x0000000088300000|  0%| F|  |TAMS 0x0000000088200000, 0x0000000088200000| Untracked 
| 113|0x0000000088300000, 0x0000000088300000, 0x0000000088400000|  0%| F|  |TAMS 0x0000000088300000, 0x0000000088300000| Untracked 
| 114|0x0000000088400000, 0x0000000088400000, 0x0000000088500000|  0%| F|  |TAMS 0x0000000088400000, 0x0000000088400000| Untracked 
| 115|0x0000000088500000, 0x0000000088500000, 0x0000000088600000|  0%| F|  |TAMS 0x0000000088500000, 0x0000000088500000| Untracked 
| 116|0x0000000088600000, 0x0000000088600000, 0x0000000088700000|  0%| F|  |TAMS 0x0000000088600000, 0x0000000088600000| Untracked 
| 117|0x0000000088700000, 0x0000000088700000, 0x0000000088800000|  0%| F|  |TAMS 0x0000000088700000, 0x0000000088700000| Untracked 
| 118|0x0000000088800000, 0x0000000088800000, 0x0000000088900000|  0%| F|  |TAMS 0x0000000088800000, 0x0000000088800000| Untracked 
| 119|0x0000000088900000, 0x0000000088900000, 0x0000000088a00000|  0%| F|  |TAMS 0x0000000088900000, 0x0000000088900000| Untracked 
| 120|0x0000000088a00000, 0x0000000088a00000, 0x0000000088b00000|  0%| F|  |TAMS 0x0000000088a00000, 0x0000000088a00000| Untracked 
| 121|0x0000000088b00000, 0x0000000088b00000, 0x0000000088c00000|  0%| F|  |TAMS 0x0000000088b00000, 0x0000000088b00000| Untracked 
| 122|0x0000000088c00000, 0x0000000088c00000, 0x0000000088d00000|  0%| F|  |TAMS 0x0000000088c00000, 0x0000000088c00000| Untracked 
| 123|0x0000000088d00000, 0x0000000088d00000, 0x0000000088e00000|  0%| F|  |TAMS 0x0000000088d00000, 0x0000000088d00000| Untracked 
| 124|0x0000000088e00000, 0x0000000088e00000, 0x0000000088f00000|  0%| F|  |TAMS 0x0000000088e00000, 0x0000000088e00000| Untracked 
| 125|0x0000000088f00000, 0x0000000088f00000, 0x0000000089000000|  0%| F|  |TAMS 0x0000000088f00000, 0x0000000088f00000| Untracked 
| 126|0x0000000089000000, 0x0000000089000000, 0x0000000089100000|  0%| F|  |TAMS 0x0000000089000000, 0x0000000089000000| Untracked 
| 127|0x0000000089100000, 0x0000000089100000, 0x0000000089200000|  0%| F|  |TAMS 0x0000000089100000, 0x0000000089100000| Untracked 
| 128|0x0000000089200000, 0x0000000089200000, 0x0000000089300000|  0%| F|  |TAMS 0x0000000089200000, 0x0000000089200000| Untracked 
| 129|0x0000000089300000, 0x0000000089300000, 0x0000000089400000|  0%| F|  |TAMS 0x0000000089300000, 0x0000000089300000| Untracked 
| 130|0x0000000089400000, 0x0000000089400000, 0x0000000089500000|  0%| F|  |TAMS 0x0000000089400000, 0x0000000089400000| Untracked 
| 131|0x0000000089500000, 0x0000000089500000, 0x0000000089600000|  0%| F|  |TAMS 0x0000000089500000, 0x0000000089500000| Untracked 
| 132|0x0000000089600000, 0x0000000089600000, 0x0000000089700000|  0%| F|  |TAMS 0x0000000089600000, 0x0000000089600000| Untracked 
| 133|0x0000000089700000, 0x0000000089700000, 0x0000000089800000|  0%| F|  |TAMS 0x0000000089700000, 0x0000000089700000| Untracked 
| 134|0x0000000089800000, 0x0000000089800000, 0x0000000089900000|  0%| F|  |TAMS 0x0000000089800000, 0x0000000089800000| Untracked 
| 135|0x0000000089900000, 0x0000000089900000, 0x0000000089a00000|  0%| F|  |TAMS 0x0000000089900000, 0x0000000089900000| Untracked 
| 136|0x0000000089a00000, 0x0000000089a00000, 0x0000000089b00000|  0%| F|  |TAMS 0x0000000089a00000, 0x0000000089a00000| Untracked 
| 137|0x0000000089b00000, 0x0000000089b00000, 0x0000000089c00000|  0%| F|  |TAMS 0x0000000089b00000, 0x0000000089b00000| Untracked 
| 138|0x0000000089c00000, 0x0000000089c00000, 0x0000000089d00000|  0%| F|  |TAMS 0x0000000089c00000, 0x0000000089c00000| Untracked 
| 139|0x0000000089d00000, 0x0000000089d00000, 0x0000000089e00000|  0%| F|  |TAMS 0x0000000089d00000, 0x0000000089d00000| Untracked 
| 140|0x0000000089e00000, 0x0000000089e00000, 0x0000000089f00000|  0%| F|  |TAMS 0x0000000089e00000, 0x0000000089e00000| Untracked 
| 141|0x0000000089f00000, 0x0000000089f00000, 0x000000008a000000|  0%| F|  |TAMS 0x0000000089f00000, 0x0000000089f00000| Untracked 
| 142|0x000000008a000000, 0x000000008a000000, 0x000000008a100000|  0%| F|  |TAMS 0x000000008a000000, 0x000000008a000000| Untracked 
| 143|0x000000008a100000, 0x000000008a100000, 0x000000008a200000|  0%| F|  |TAMS 0x000000008a100000, 0x000000008a100000| Untracked 
| 144|0x000000008a200000, 0x000000008a200000, 0x000000008a300000|  0%| F|  |TAMS 0x000000008a200000, 0x000000008a200000| Untracked 
| 145|0x000000008a300000, 0x000000008a300000, 0x000000008a400000|  0%| F|  |TAMS 0x000000008a300000, 0x000000008a300000| Untracked 
| 146|0x000000008a400000, 0x000000008a400000, 0x000000008a500000|  0%| F|  |TAMS 0x000000008a400000, 0x000000008a400000| Untracked 
| 147|0x000000008a500000, 0x000000008a500000, 0x000000008a600000|  0%| F|  |TAMS 0x000000008a500000, 0x000000008a500000| Untracked 
| 148|0x000000008a600000, 0x000000008a600000, 0x000000008a700000|  0%| F|  |TAMS 0x000000008a600000, 0x000000008a600000| Untracked 
| 149|0x000000008a700000, 0x000000008a700000, 0x000000008a800000|  0%| F|  |TAMS 0x000000008a700000, 0x000000008a700000| Untracked 
| 150|0x000000008a800000, 0x000000008a800000, 0x000000008a900000|  0%| F|  |TAMS 0x000000008a800000, 0x000000008a800000| Untracked 
| 151|0x000000008a900000, 0x000000008a900000, 0x000000008aa00000|  0%| F|  |TAMS 0x000000008a900000, 0x000000008a900000| Untracked 
| 152|0x000000008aa00000, 0x000000008ab00000, 0x000000008ab00000|100%| E|  |TAMS 0x000000008aa00000, 0x000000008aa00000| Complete 
| 153|0x000000008ab00000, 0x000000008ac00000, 0x000000008ac00000|100%| E|CS|TAMS 0x000000008ab00000, 0x000000008ab00000| Complete 
| 154|0x000000008ac00000, 0x000000008ad00000, 0x000000008ad00000|100%| E|CS|TAMS 0x000000008ac00000, 0x000000008ac00000| Complete 
| 155|0x000000008ad00000, 0x000000008ae00000, 0x000000008ae00000|100%| E|CS|TAMS 0x000000008ad00000, 0x000000008ad00000| Complete 
| 156|0x000000008ae00000, 0x000000008af00000, 0x000000008af00000|100%| E|CS|TAMS 0x000000008ae00000, 0x000000008ae00000| Complete 
| 157|0x000000008af00000, 0x000000008b000000, 0x000000008b000000|100%| E|CS|TAMS 0x000000008af00000, 0x000000008af00000| Complete 
| 158|0x000000008b000000, 0x000000008b100000, 0x000000008b100000|100%| E|CS|TAMS 0x000000008b000000, 0x000000008b000000| Complete 

Card table byte_map: [0x000001a9dac20000,0x000001a9db020000] _byte_map_base: 0x000001a9da817000

Marking Bits (Prev, Next): (CMBitMap*) 0x000001a9c5c6c2c8, (CMBitMap*) 0x000001a9c5c6c300
 Prev Bits: [0x000001a9db420000, 0x000001a9dd3d8000)
 Next Bits: [0x000001a9dd3e0000, 0x000001a9df398000)

Polling page: 0x000001a9c5d10000

Metaspace:

Usage:
  Non-class:     39.08 MB capacity,    38.82 MB (>99%) used,   206.14 KB ( <1%) free+waste,    63.56 KB ( <1%) overhead. 
      Class:      5.34 MB capacity,     5.18 MB ( 97%) used,   145.50 KB (  3%) free+waste,    26.75 KB ( <1%) overhead. 
       Both:     44.42 MB capacity,    43.99 MB (>99%) used,   351.64 KB ( <1%) free+waste,    90.31 KB ( <1%) overhead. 

Virtual space:
  Non-class space:       40.00 MB reserved,      39.25 MB ( 98%) committed 
      Class space:        1.00 GB reserved,       5.38 MB ( <1%) committed 
             Both:        1.04 GB reserved,      44.63 MB (  4%) committed 

Chunk freelists:
   Non-Class:  47.00 KB
       Class:  31.00 KB
        Both:  78.00 KB

MaxMetaspaceSize: 17179869184.00 GB
CompressedClassSpaceSize: 1.00 GB

CodeHeap 'non-profiled nmethods': size=120000Kb used=1436Kb max_used=1436Kb free=118563Kb
 bounds [0x000001a9d2880000, 0x000001a9d2af0000, 0x000001a9d9db0000]
CodeHeap 'profiled nmethods': size=120000Kb used=7081Kb max_used=7081Kb free=112918Kb
 bounds [0x000001a9cb350000, 0x000001a9cba40000, 0x000001a9d2880000]
CodeHeap 'non-nmethods': size=5760Kb used=1176Kb max_used=1228Kb free=4583Kb
 bounds [0x000001a9cadb0000, 0x000001a9cb020000, 0x000001a9cb350000]
 total_blobs=3984 nmethods=3455 adapters=440
 compilation: enabled
              stopped_count=0, restarted_count=0
 full_count=0

Compilation events (20 events):
Event: 2.356 Thread 0x000001a9e281d000 3411       3       org.jetbrains.kotlin.com.intellij.psi.impl.source.tree.LeafPsiElement::getNextSibling (5 bytes)
Event: 2.356 Thread 0x000001a9e281d000 nmethod 3411 0x000001a9cba1d910 code [0x000001a9cba1dae0, 0x000001a9cba1dea8]
Event: 2.356 Thread 0x000001a9e281d000 3424       3       org.jetbrains.org.objectweb.asm.ClassVisitor::visitMethod (24 bytes)
Event: 2.356 Thread 0x000001a9e281d000 nmethod 3424 0x000001a9cba1e010 code [0x000001a9cba1e1e0, 0x000001a9cba1e3e8]
Event: 2.356 Thread 0x000001a9e281d000 3417       1       org.jetbrains.kotlin.com.intellij.util.containers.IntArrayList::size (5 bytes)
Event: 2.357 Thread 0x000001a9e281d000 nmethod 3417 0x000001a9d29e3010 code [0x000001a9d29e31c0, 0x000001a9d29e3278]
Event: 2.357 Thread 0x000001a9e281d000 3422       3       jdk.internal.misc.Unsafe::checkSize (32 bytes)
Event: 2.357 Thread 0x000001a9e281d000 nmethod 3422 0x000001a9cba1e510 code [0x000001a9cba1e6e0, 0x000001a9cba1e948]
Event: 2.357 Thread 0x000001a9e281d000 3426       3       java.text.StringCharacterIterator::current (37 bytes)
Event: 2.357 Thread 0x000001a9e281d000 nmethod 3426 0x000001a9cba1ea90 code [0x000001a9cba1eca0, 0x000001a9cba1f2f8]
Event: 2.357 Thread 0x000001a9e281d000 3427       3       java.text.StringCharacterIterator::next (46 bytes)
Event: 2.357 Thread 0x000001a9e281d000 nmethod 3427 0x000001a9cba1f590 code [0x000001a9cba1f7a0, 0x000001a9cba1fd98]
Event: 2.357 Thread 0x000001a9e281d000 3428       3       kotlin.SynchronizedLazyImpl::<init> (37 bytes)
Event: 2.358 Thread 0x000001a9e281d000 nmethod 3428 0x000001a9cba20010 code [0x000001a9cba20240, 0x000001a9cba209b8]
Event: 2.358 Thread 0x000001a9e281d000 3429       3       org.jetbrains.kotlin.load.java.structure.impl.classFiles.CommonMixinsKt::isSet (12 bytes)
Event: 2.358 Thread 0x000001a9e281d000 nmethod 3429 0x000001a9cba20c10 code [0x000001a9cba20dc0, 0x000001a9cba20ef8]
Event: 2.358 Thread 0x000001a9e281d000 3416       1       org.jetbrains.kotlin.cli.jvm.index.JvmDependenciesIndexImpl$Cache::getRootIndices (5 bytes)
Event: 2.358 Thread 0x000001a9e281d000 nmethod 3416 0x000001a9d29e3310 code [0x000001a9d29e34c0, 0x000001a9d29e3578]
Event: 2.358 Thread 0x000001a9e281d000 3431       3       org.jetbrains.kotlin.utils.SmartList::<init> (5 bytes)
Event: 2.358 Thread 0x000001a9e281d000 nmethod 3431 0x000001a9cba20f90 code [0x000001a9cba21160, 0x000001a9cba21378]

GC Heap History (10 events):
Event: 0.382 GC heap before
{Heap before GC invocations=0 (full 0):
 garbage-first heap   total 131072K, used 27648K [0x0000000081200000, 0x0000000100000000)
  region size 1024K, 24 young (24576K), 0 survivors (0K)
 Metaspace       used 12354K, capacity 12469K, committed 12800K, reserved 1060864K
  class space    used 1158K, capacity 1174K, committed 1280K, reserved 1048576K
}
Event: 0.385 GC heap after
{Heap after GC invocations=1 (full 0):
 garbage-first heap   total 131072K, used 5634K [0x0000000081200000, 0x0000000100000000)
  region size 1024K, 3 young (3072K), 3 survivors (3072K)
 Metaspace       used 12354K, capacity 12469K, committed 12800K, reserved 1060864K
  class space    used 1158K, capacity 1174K, committed 1280K, reserved 1048576K
}
Event: 0.794 GC heap before
{Heap before GC invocations=1 (full 0):
 garbage-first heap   total 131072K, used 41474K [0x0000000081200000, 0x0000000100000000)
  region size 1024K, 39 young (39936K), 3 survivors (3072K)
 Metaspace       used 20976K, capacity 21157K, committed 21248K, reserved 1069056K
  class space    used 2218K, capacity 2284K, committed 2304K, reserved 1048576K
}
Event: 0.803 GC heap after
{Heap after GC invocations=2 (full 0):
 garbage-first heap   total 131072K, used 9436K [0x0000000081200000, 0x0000000100000000)
  region size 1024K, 7 young (7168K), 7 survivors (7168K)
 Metaspace       used 20976K, capacity 21157K, committed 21248K, reserved 1069056K
  class space    used 2218K, capacity 2284K, committed 2304K, reserved 1048576K
}
Event: 1.489 GC heap before
{Heap before GC invocations=3 (full 0):
 garbage-first heap   total 131072K, used 72924K [0x0000000081200000, 0x0000000100000000)
  region size 1024K, 57 young (58368K), 7 survivors (7168K)
 Metaspace       used 31569K, capacity 32034K, committed 32128K, reserved 1077248K
  class space    used 3744K, capacity 3919K, committed 3968K, reserved 1048576K
}
Event: 1.503 GC heap after
{Heap after GC invocations=4 (full 0):
 garbage-first heap   total 131072K, used 23259K [0x0000000081200000, 0x0000000100000000)
  region size 1024K, 8 young (8192K), 8 survivors (8192K)
 Metaspace       used 31569K, capacity 32034K, committed 32128K, reserved 1077248K
  class space    used 3744K, capacity 3919K, committed 3968K, reserved 1048576K
}
Event: 1.707 GC heap before
{Heap before GC invocations=4 (full 0):
 garbage-first heap   total 131072K, used 41691K [0x0000000081200000, 0x0000000100000000)
  region size 1024K, 27 young (27648K), 8 survivors (8192K)
 Metaspace       used 35139K, capacity 35528K, committed 35584K, reserved 1081344K
  class space    used 4134K, capacity 4314K, committed 4352K, reserved 1048576K
}
Event: 1.715 GC heap after
{Heap after GC invocations=5 (full 0):
 garbage-first heap   total 131072K, used 26212K [0x0000000081200000, 0x0000000100000000)
  region size 1024K, 8 young (8192K), 8 survivors (8192K)
 Metaspace       used 35139K, capacity 35528K, committed 35584K, reserved 1081344K
  class space    used 4134K, capacity 4314K, committed 4352K, reserved 1048576K
}
Event: 2.239 GC heap before
{Heap before GC invocations=6 (full 0):
 garbage-first heap   total 131072K, used 64100K [0x0000000081200000, 0x0000000100000000)
  region size 1024K, 45 young (46080K), 8 survivors (8192K)
 Metaspace       used 43312K, capacity 43809K, committed 44032K, reserved 1087488K
  class space    used 5090K, capacity 5276K, committed 5376K, reserved 1048576K
}
Event: 2.250 GC heap after
{Heap after GC invocations=7 (full 0):
 garbage-first heap   total 162816K, used 29331K [0x0000000081200000, 0x0000000100000000)
  region size 1024K, 6 young (6144K), 6 survivors (6144K)
 Metaspace       used 43312K, capacity 43809K, committed 44032K, reserved 1087488K
  class space    used 5090K, capacity 5276K, committed 5376K, reserved 1048576K
}

Deoptimization events (20 events):
Event: 2.215 Thread 0x000001a9c5c2d000 Uncommon trap: trap_request=0xffffffc6 fr.pc=0x000001a9d297029c relative=0x000000000000059c
Event: 2.215 Thread 0x000001a9c5c2d000 Uncommon trap: reason=bimorphic_or_optimized_type_check action=maybe_recompile pc=0x000001a9d297029c method=org.jetbrains.kotlin.protobuf.CodedInputStream.tryRefillBuffer(I)Z @ 177 c2
Event: 2.215 Thread 0x000001a9c5c2d000 DEOPT PACKING pc=0x000001a9d297029c sp=0x0000006762efaf20
Event: 2.215 Thread 0x000001a9c5c2d000 DEOPT UNPACKING pc=0x000001a9cadd74af sp=0x0000006762efae08 mode 2
Event: 2.256 Thread 0x000001a9c5c2d000 Uncommon trap: trap_request=0xffffffc6 fr.pc=0x000001a9d296d454 relative=0x0000000000000094
Event: 2.256 Thread 0x000001a9c5c2d000 Uncommon trap: reason=bimorphic_or_optimized_type_check action=maybe_recompile pc=0x000001a9d296d454 method=java.util.AbstractList$Itr.hasNext()Z @ 8 c2
Event: 2.256 Thread 0x000001a9c5c2d000 DEOPT PACKING pc=0x000001a9d296d454 sp=0x0000006762efc3b0
Event: 2.256 Thread 0x000001a9c5c2d000 DEOPT UNPACKING pc=0x000001a9cadd74af sp=0x0000006762efc348 mode 2
Event: 2.277 Thread 0x000001a9c5c2d000 Uncommon trap: trap_request=0xffffffc6 fr.pc=0x000001a9d296d454 relative=0x0000000000000094
Event: 2.277 Thread 0x000001a9c5c2d000 Uncommon trap: reason=bimorphic_or_optimized_type_check action=maybe_recompile pc=0x000001a9d296d454 method=java.util.AbstractList$Itr.hasNext()Z @ 8 c2
Event: 2.277 Thread 0x000001a9c5c2d000 DEOPT PACKING pc=0x000001a9d296d454 sp=0x0000006762efbfd0
Event: 2.277 Thread 0x000001a9c5c2d000 DEOPT UNPACKING pc=0x000001a9cadd74af sp=0x0000006762efbf68 mode 2
Event: 2.277 Thread 0x000001a9c5c2d000 Uncommon trap: trap_request=0xffffffc6 fr.pc=0x000001a9d296d454 relative=0x0000000000000094
Event: 2.277 Thread 0x000001a9c5c2d000 Uncommon trap: reason=bimorphic_or_optimized_type_check action=maybe_recompile pc=0x000001a9d296d454 method=java.util.AbstractList$Itr.hasNext()Z @ 8 c2
Event: 2.277 Thread 0x000001a9c5c2d000 DEOPT PACKING pc=0x000001a9d296d454 sp=0x0000006762efbfd0
Event: 2.277 Thread 0x000001a9c5c2d000 DEOPT UNPACKING pc=0x000001a9cadd74af sp=0x0000006762efbf68 mode 2
Event: 2.287 Thread 0x000001a9c5c2d000 Uncommon trap: trap_request=0xffffffc6 fr.pc=0x000001a9d296d454 relative=0x0000000000000094
Event: 2.287 Thread 0x000001a9c5c2d000 Uncommon trap: reason=bimorphic_or_optimized_type_check action=maybe_recompile pc=0x000001a9d296d454 method=java.util.AbstractList$Itr.hasNext()Z @ 8 c2
Event: 2.287 Thread 0x000001a9c5c2d000 DEOPT PACKING pc=0x000001a9d296d454 sp=0x0000006762efbfd0
Event: 2.287 Thread 0x000001a9c5c2d000 DEOPT UNPACKING pc=0x000001a9cadd74af sp=0x0000006762efbf68 mode 2

Classes redefined (0 events):
No events

Internal exceptions (20 events):
Event: 0.776 Thread 0x000001a9c5c2d000 Exception <a 'java/lang/NoSuchMethodError'{0x0000000086c582d0}: 'int java.lang.invoke.DirectMethodHandle$Holder.invokeStaticInit(java.lang.Object, java.lang.Object)'> (0x0000000086c582d0) thrown at [./src/hotspot/share/interpreter/linkResolver.cpp, line 773]
Event: 0.918 Thread 0x000001a9c5c2d000 Exception <a 'java/lang/NoSuchMethodError'{0x00000000889b3428}: 'java.lang.Object java.lang.invoke.DirectMethodHandle$Holder.invokeStatic(java.lang.Object, java.lang.Object, java.lang.Object, java.lang.Object, java.lang.Object, java.lang.Object, java.lang.Object, java.lang.Object, java.lang.Object, java.lang.Object, java.lang.Object, java.lang.Object, java.lang.Object, java.lang.Object, java.lang.Object)'> (0x00000000889b3428) thrown at [./src/hotspot/share/interpreter/linkResolver.cpp, line 773]
Event: 0.919 Thread 0x000001a9c5c2d000 Exception <a 'java/lang/NoSuchMethodError'{0x00000000889c1800}: 'java.lang.Object java.lang.invoke.DirectMethodHandle$Holder.invokeStatic(java.lang.Object, java.lang.Object, java.lang.Object, java.lang.Object, java.lang.Object, java.lang.Object, java.lang.Object, java.lang.Object, java.lang.Object, java.lang.Object, java.lang.Object, java.lang.Object, java.lang.Object, java.lang.Object, java.lang.Object, java.lang.Object)'> (0x00000000889c1800) thrown at [./src/hotspot/share/interpreter/linkResolver.cpp, l
Event: 0.920 Thread 0x000001a9c5c2d000 Exception <a 'java/lang/NoSuchMethodError'{0x00000000889cf718}: 'java.lang.Object java.lang.invoke.DirectMethodHandle$Holder.invokeSpecial(java.lang.Object, java.lang.Object, int, int, java.lang.Object, java.lang.Object, java.lang.Object)'> (0x00000000889cf718) thrown at [./src/hotspot/share/interpreter/linkResolver.cpp, line 773]
Event: 0.920 Thread 0x000001a9c5c2d000 Exception <a 'java/lang/NoSuchMethodError'{0x00000000889d2f50}: 'java.lang.Object java.lang.invoke.DelegatingMethodHandle$Holder.reinvoke_L(java.lang.Object, int, int, java.lang.Object, java.lang.Object, java.lang.Object)'> (0x00000000889d2f50) thrown at [./src/hotspot/share/interpreter/linkResolver.cpp, line 773]
Event: 0.921 Thread 0x000001a9c5c2d000 Exception <a 'java/lang/NoSuchMethodError'{0x00000000889d72d8}: 'java.lang.Object java.lang.invoke.DirectMethodHandle$Holder.invokeStatic(java.lang.Object, java.lang.Object, java.lang.Object, java.lang.Object, int)'> (0x00000000889d72d8) thrown at [./src/hotspot/share/interpreter/linkResolver.cpp, line 773]
Event: 0.947 Thread 0x000001a9c5c2d000 Implicit null exception at 0x000001a9d290aa2c to 0x000001a9d290abda
Event: 0.971 Thread 0x000001a9c5c2d000 Exception <a 'java/lang/NoSuchMethodError'{0x000000008833bc30}: 'void java.lang.invoke.DirectMethodHandle$Holder.invokeStatic(java.lang.Object, java.lang.Object, java.lang.Object, java.lang.Object)'> (0x000000008833bc30) thrown at [./src/hotspot/share/interpreter/linkResolver.cpp, line 773]
Event: 0.987 Thread 0x000001a9c5c2d000 Exception <a 'java/lang/NoSuchMethodError'{0x000000008828afb0}: 'void java.lang.invoke.DirectMethodHandle$Holder.invokeSpecial(java.lang.Object, java.lang.Object)'> (0x000000008828afb0) thrown at [./src/hotspot/share/interpreter/linkResolver.cpp, line 773]
Event: 1.011 Thread 0x000001a9c5c2d000 Exception <a 'java/lang/NoSuchMethodError'{0x0000000087f2e510}: 'void java.lang.invoke.DirectMethodHandle$Holder.invokeStaticInit(java.lang.Object, java.lang.Object)'> (0x0000000087f2e510) thrown at [./src/hotspot/share/interpreter/linkResolver.cpp, line 773]
Event: 1.016 Thread 0x000001a9c5c2d000 Exception <a 'java/lang/NoSuchMethodError'{0x0000000087f6c8e8}: 'void java.lang.invoke.DirectMethodHandle$Holder.invokeInterface(java.lang.Object, java.lang.Object)'> (0x0000000087f6c8e8) thrown at [./src/hotspot/share/interpreter/linkResolver.cpp, line 773]
Event: 1.058 Thread 0x000001a9c5c2d000 Exception <a 'java/lang/NoSuchMethodError'{0x0000000087b74990}: 'void java.lang.invoke.DirectMethodHandle$Holder.invokeVirtual(java.lang.Object, java.lang.Object)'> (0x0000000087b74990) thrown at [./src/hotspot/share/interpreter/linkResolver.cpp, line 773]
Event: 1.064 Thread 0x000001a9c5c2d000 Exception <a 'java/lang/NoSuchMethodError'{0x0000000087bec368}: 'int java.lang.invoke.DirectMethodHandle$Holder.invokeVirtual(java.lang.Object, java.lang.Object)'> (0x0000000087bec368) thrown at [./src/hotspot/share/interpreter/linkResolver.cpp, line 773]
Event: 1.580 Thread 0x000001a9c5c2d000 Exception <a 'java/lang/NoSuchMethodError'{0x0000000088b071a8}: 'java.lang.Object java.lang.invoke.DirectMethodHandle$Holder.invokeVirtual(java.lang.Object, java.lang.Object, java.lang.Object)'> (0x0000000088b071a8) thrown at [./src/hotspot/share/interpreter/linkResolver.cpp, line 773]
Event: 1.991 Thread 0x000001a9c5c2d000 Exception <a 'java/lang/NoSuchMethodError'{0x000000008719be68}: 'java.lang.Object java.lang.invoke.Invokers$Holder.linkToTargetMethod(java.lang.Object, int, java.lang.Object)'> (0x000000008719be68) thrown at [./src/hotspot/share/interpreter/linkResolver.cpp, line 773]
Event: 2.030 Thread 0x000001a9c5c2d000 Implicit null exception at 0x000001a9d299f8dd to 0x000001a9d299f9e4
Event: 2.032 Thread 0x000001a9c5c2d000 Implicit null exception at 0x000001a9d299f470 to 0x000001a9d299f530
Event: 2.142 Thread 0x000001a9c5c2d000 Exception <a 'java/lang/NoSuchMethodError'{0x0000000086cdc330}: 'java.lang.Object java.lang.invoke.DirectMethodHandle$Holder.invokeStatic(java.lang.Object, java.lang.Object, java.lang.Object, int)'> (0x0000000086cdc330) thrown at [./src/hotspot/share/interpreter/linkResolver.cpp, line 773]
Event: 2.142 Thread 0x000001a9c5c2d000 Exception <a 'java/lang/NoSuchMethodError'{0x0000000086cdffa0}: 'java.lang.Object java.lang.invoke.DirectMethodHandle$Holder.invokeSpecial(java.lang.Object, java.lang.Object, java.lang.Object, java.lang.Object, int)'> (0x0000000086cdffa0) thrown at [./src/hotspot/share/interpreter/linkResolver.cpp, line 773]
Event: 2.143 Thread 0x000001a9c5c2d000 Exception <a 'java/lang/NoSuchMethodError'{0x0000000086ce32b0}: 'java.lang.Object java.lang.invoke.Invokers$Holder.linkToTargetMethod(java.lang.Object, java.lang.Object, int, java.lang.Object)'> (0x0000000086ce32b0) thrown at [./src/hotspot/share/interpreter/linkResolver.cpp, line 773]

Events (20 events):
Event: 2.355 loading class org/jetbrains/kotlin/load/java/structure/impl/classFiles/BinaryJavaField
Event: 2.355 loading class org/jetbrains/kotlin/load/java/structure/impl/classFiles/BinaryJavaField done
Event: 2.355 loading class org/jetbrains/kotlin/load/java/structure/impl/classFiles/AnnotationsCollectorFieldVisitor
Event: 2.355 loading class org/jetbrains/kotlin/load/java/structure/impl/classFiles/AnnotationsCollectorFieldVisitor done
Event: 2.356 loading class org/jetbrains/org/objectweb/asm/FieldVisitor
Event: 2.356 loading class org/jetbrains/org/objectweb/asm/FieldVisitor done
Event: 2.356 loading class org/jetbrains/kotlin/load/java/structure/impl/classFiles/BinaryJavaClass$WhenMappings
Event: 2.356 loading class org/jetbrains/kotlin/load/java/structure/impl/classFiles/BinaryJavaClass$WhenMappings done
Event: 2.356 loading class org/jetbrains/kotlin/load/java/structure/impl/classFiles/PlainJavaArrayType
Event: 2.356 loading class org/jetbrains/kotlin/load/java/structure/impl/classFiles/PlainJavaArrayType done
Event: 2.356 loading class org/jetbrains/kotlin/load/java/structure/JavaArrayType
Event: 2.356 loading class org/jetbrains/kotlin/load/java/structure/JavaArrayType done
Event: 2.358 loading class org/jetbrains/kotlin/load/java/structure/impl/classFiles/PlainJavaArrayAnnotationArgument
Event: 2.358 loading class org/jetbrains/kotlin/load/java/structure/impl/classFiles/PlainJavaArrayAnnotationArgument done
Event: 2.359 loading class org/jetbrains/kotlin/load/java/structure/JavaArrayAnnotationArgument
Event: 2.359 loading class org/jetbrains/kotlin/load/java/structure/JavaArrayAnnotationArgument done
Event: 2.359 loading class org/jetbrains/kotlin/load/java/structure/JavaAnnotationArgument
Event: 2.359 loading class org/jetbrains/kotlin/load/java/structure/JavaAnnotationArgument done
Event: 2.359 loading class org/jetbrains/kotlin/load/java/structure/impl/classFiles/PlainJavaAnnotationArgument
Event: 2.359 loading class org/jetbrains/kotlin/load/java/structure/impl/classFiles/PlainJavaAnnotationArgument done


Dynamic libraries:
0x00007ff61aa20000 - 0x00007ff61aa2a000 	C:\Program Files\Android\Android Studio\jre\bin\java.exe
0x00007ffdfac70000 - 0x00007ffdfae65000 	C:\WINDOWS\SYSTEM32\ntdll.dll
0x00007ffdfa020000 - 0x00007ffdfa0dd000 	C:\WINDOWS\System32\KERNEL32.DLL
0x00007ffdf83d0000 - 0x00007ffdf8699000 	C:\WINDOWS\System32\KERNELBASE.dll
0x00007ffdf87a0000 - 0x00007ffdf88a0000 	C:\WINDOWS\System32\ucrtbase.dll
0x00007ffddecb0000 - 0x00007ffddecc9000 	C:\Program Files\Android\Android Studio\jre\bin\jli.dll
0x00007ffde2af0000 - 0x00007ffde2b07000 	C:\Program Files\Android\Android Studio\jre\bin\VCRUNTIME140.dll
0x00007ffdf9260000 - 0x00007ffdf9400000 	C:\WINDOWS\System32\USER32.dll
0x00007ffdf8ca0000 - 0x00007ffdf8cc2000 	C:\WINDOWS\System32\win32u.dll
0x00007ffde42c0000 - 0x00007ffde455a000 	C:\WINDOWS\WinSxS\amd64_microsoft.windows.common-controls_6595b64144ccf1df_6.0.19041.1110_none_60b5254171f9507e\COMCTL32.dll
0x00007ffdf9090000 - 0x00007ffdf90ba000 	C:\WINDOWS\System32\GDI32.dll
0x00007ffdf9650000 - 0x00007ffdf96ee000 	C:\WINDOWS\System32\msvcrt.dll
0x00007ffdf88a0000 - 0x00007ffdf89ab000 	C:\WINDOWS\System32\gdi32full.dll
0x00007ffdf8700000 - 0x00007ffdf879d000 	C:\WINDOWS\System32\msvcp_win.dll
0x00007ffdfac00000 - 0x00007ffdfac30000 	C:\WINDOWS\System32\IMM32.DLL
0x00007ffddce10000 - 0x00007ffddcead000 	C:\Program Files\Android\Android Studio\jre\bin\msvcp140.dll
0x00007ffd92110000 - 0x00007ffd92bcc000 	C:\Program Files\Android\Android Studio\jre\bin\server\jvm.dll
0x00007ffdf9ca0000 - 0x00007ffdf9d4c000 	C:\WINDOWS\System32\ADVAPI32.dll
0x00007ffdfa230000 - 0x00007ffdfa2cb000 	C:\WINDOWS\System32\sechost.dll
0x00007ffdfaa10000 - 0x00007ffdfab3a000 	C:\WINDOWS\System32\RPCRT4.dll
0x00007ffdf9400000 - 0x00007ffdf9408000 	C:\WINDOWS\System32\PSAPI.DLL
0x00007ffde3b80000 - 0x00007ffde3b89000 	C:\WINDOWS\SYSTEM32\WSOCK32.dll
0x00007ffdec0b0000 - 0x00007ffdec0d7000 	C:\WINDOWS\SYSTEM32\WINMM.dll
0x00007ffdf1720000 - 0x00007ffdf172a000 	C:\WINDOWS\SYSTEM32\VERSION.dll
0x00007ffdf9e20000 - 0x00007ffdf9e8b000 	C:\WINDOWS\System32\WS2_32.dll
0x00007ffdf6c30000 - 0x00007ffdf6c42000 	C:\WINDOWS\SYSTEM32\kernel.appcore.dll
0x00007ffdf37e0000 - 0x00007ffdf37f1000 	C:\Program Files\Android\Android Studio\jre\bin\verify.dll
0x00007ffdf6950000 - 0x00007ffdf6b34000 	C:\WINDOWS\SYSTEM32\DBGHELP.DLL
0x00007ffde4200000 - 0x00007ffde422c000 	C:\WINDOWS\SYSTEM32\dbgcore.DLL
0x00007ffdf8c10000 - 0x00007ffdf8c93000 	C:\WINDOWS\System32\bcryptPrimitives.dll
0x00007ffdf2dd0000 - 0x00007ffdf2df9000 	C:\Program Files\Android\Android Studio\jre\bin\java.dll
0x00007ffdf3840000 - 0x00007ffdf384b000 	C:\Program Files\Android\Android Studio\jre\bin\jimage.dll
0x00007ffdf1830000 - 0x00007ffdf1848000 	C:\Program Files\Android\Android Studio\jre\bin\zip.dll
0x00007ffdfa2d0000 - 0x00007ffdfaa0f000 	C:\WINDOWS\System32\SHELL32.dll
0x00007ffdf60f0000 - 0x00007ffdf6880000 	C:\WINDOWS\SYSTEM32\windows.storage.dll
0x00007ffdf8cd0000 - 0x00007ffdf9025000 	C:\WINDOWS\System32\combase.dll
0x00007ffdf7db0000 - 0x00007ffdf7ddc000 	C:\WINDOWS\SYSTEM32\Wldp.dll
0x00007ffdf96f0000 - 0x00007ffdf979e000 	C:\WINDOWS\System32\SHCORE.dll
0x00007ffdf9200000 - 0x00007ffdf9255000 	C:\WINDOWS\System32\shlwapi.dll
0x00007ffdf82e0000 - 0x00007ffdf82ff000 	C:\WINDOWS\SYSTEM32\profapi.dll
0x00007ffdf0f40000 - 0x00007ffdf0f5a000 	C:\Program Files\Android\Android Studio\jre\bin\net.dll
0x00007ffdea110000 - 0x00007ffdea218000 	C:\WINDOWS\SYSTEM32\WINHTTP.dll
0x00007ffdf7a90000 - 0x00007ffdf7afa000 	C:\WINDOWS\system32\mswsock.dll
0x00007ffde3a10000 - 0x00007ffde3a24000 	C:\Program Files\Android\Android Studio\jre\bin\nio.dll

dbghelp: loaded successfully - version: 4.0.5 - missing functions: none
symbol engine: initialized successfully - sym options: 0x614 - pdb path: .;C:\Program Files\Android\Android Studio\jre\bin;C:\WINDOWS\SYSTEM32;C:\WINDOWS\WinSxS\amd64_microsoft.windows.common-controls_6595b64144ccf1df_6.0.19041.1110_none_60b5254171f9507e;C:\Program Files\Android\Android Studio\jre\bin\server

VM Arguments:
java_command: org.jetbrains.kotlin.cli.jvm.K2JVMCompiler @C:\Users\Admin\AndroidStudioProjects\ListenToMusic\app\build\20210915_13481434515129323202.compiler.options
java_class_path (initial): C:\Users\Admin\.gradle\caches\modules-2\files-2.1\org.jetbrains.kotlin\kotlin-compiler-embeddable\1.5.10\9c35134a025cab7a1e6eee0d87d241c2f30c1218\kotlin-compiler-embeddable-1.5.10.jar;C:\Users\Admin\.gradle\caches\modules-2\files-2.1\org.jetbrains.kotlin\kotlin-reflect\1.5.10\d6c70f3c0df2457ea0095c61c1fc1188017dc3bc\kotlin-reflect-1.5.10.jar;C:\Users\Admin\.gradle\caches\modules-2\files-2.1\org.jetbrains.kotlin\kotlin-stdlib\1.5.10\da6a904b132f0402fa4d79169a3c1770598d4702\kotlin-stdlib-1.5.10.jar;C:\Users\Admin\.gradle\caches\modules-2\files-2.1\org.jetbrains.kotlin\kotlin-script-runtime\1.5.10\69bad0ece91b0797055aeadbd44dc742c458398b\kotlin-script-runtime-1.5.10.jar;C:\Users\Admin\.gradle\caches\modules-2\files-2.1\org.jetbrains.kotlin\kotlin-daemon-embeddable\1.5.10\d06ad33b62b041dae0609f830c3b48135d53b8bc\kotlin-daemon-embeddable-1.5.10.jar;C:\Users\Admin\.gradle\caches\modules-2\files-2.1\org.jetbrains.intellij.deps\trove4j\1.0.20181211\216c2e14b070f334479d800987affe4054cd563f\trove4j-1.0.20181211.jar;C:\Users\Admin\.gradle\caches\modules-2\files-2.1\org.jetbrains\annotations\13.0\919f0dfe192fb4e063e7dacadee7f8bb9a2672a9\annotations-13.0.jar;C:\Users\Admin\.gradle\caches\modules-2\files-2.1\org.jetbrains.kotlin\kotlin-stdlib-common\1.5.10\6b84d926e28493be69daf673e40076f89492ef7\kotlin-stdlib-common-1.5.10.jar
Launcher Type: SUN_STANDARD

[Global flags]
     intx CICompilerCount                          = 4                                         {product} {ergonomic}
     uint ConcGCThreads                            = 2                                         {product} {ergonomic}
     uint G1ConcRefinementThreads                  = 8                                         {product} {ergonomic}
   size_t G1HeapRegionSize                         = 1048576                                   {product} {ergonomic}
    uintx GCDrainStackTargetSize                   = 64                                        {product} {ergonomic}
   size_t InitialHeapSize                          = 134217728                                 {product} {ergonomic}
   size_t MarkStackSize                            = 4194304                                   {product} {ergonomic}
   size_t MaxHeapSize                              = 2128609280                                {product} {ergonomic}
   size_t MaxNewSize                               = 1277165568                                {product} {ergonomic}
   size_t MinHeapDeltaBytes                        = 1048576                                   {product} {ergonomic}
    uintx NonNMethodCodeHeapSize                   = 5836300                                {pd product} {ergonomic}
    uintx NonProfiledCodeHeapSize                  = 122910970                              {pd product} {ergonomic}
    uintx ProfiledCodeHeapSize                     = 122910970                              {pd product} {ergonomic}
    uintx ReservedCodeCacheSize                    = 251658240                              {pd product} {ergonomic}
     bool SegmentedCodeCache                       = true                                      {product} {ergonomic}
     bool UseCompressedClassPointers               = true                                 {lp64_product} {ergonomic}
     bool UseCompressedOops                        = true                                 {lp64_product} {ergonomic}
     bool UseG1GC                                  = true                                      {product} {ergonomic}
     bool UseLargePagesIndividualAllocation        = false                                  {pd product} {ergonomic}

Logging:
Log output configuration:
 #0: stdout all=warning uptime,level,tags
 #1: stderr all=off uptime,level,tags

Environment Variables:
JAVA_HOME=C:\Program Files\Java\jdk1.8.0_261
PATH=C:\Program Files\Microsoft MPI\Bin\;C:\Program Files (x86)\Common Files\Oracle\Java\javapath;C:\Windows\system32;C:\Windows;C:\Windows\System32\Wbem;C:\Windows\System32\WindowsPowerShell\v1.0\;C:\Windows\System32\OpenSSH\;C:\Program Files (x86)\NVIDIA Corporation\PhysX\Common;C:\Program Files\NVIDIA Corporation\NVIDIA NvDLISR;C:\WINDOWS\system32;C:\WINDOWS;C:\WINDOWS\System32\Wbem;C:\WINDOWS\System32\WindowsPowerShell\v1.0\;C:\WINDOWS\System32\OpenSSH\;% MAVEN_HOME% \ bin;C:\Program Files\Java\jre1.8.0_261\bin;C:\Program Files\Java\jdk1.8.0_261\bin;C:\Users\Admin\Downloads\apache-tomcat-6.0.2\apache-tomcat-6.0.2;C:\Program Files (x86)\ZeroTier\One\;C:\Program Files\apache-maven-3.6.0\bin;C:\Program Files\Git\cmd;C:\xampp\php;C:\composer;C:\Users\Admin\Documents\cautrucdulieugiaithuat\thuatoansinh;C:\Program Files\Microsoft SQL Server\120\Tools\Binn\;C:\Program Files\Microsoft SQL Server\Client SDK\ODBC\110\Tools\Binn\;C:\Program Files (x86)\Microsoft SQL Server\120\Tools\Binn\;C:\Program Files\Microsoft SQL Server\120\DTS\Binn\;C:\Program Files (x86)\Microsoft SQL Server\120\Tools\Binn\ManagementStudio\;C:\Program Files (x86)\Microsoft SQL Server\120\DTS\Binn\;C:\Program Files\dotnet\;C:\Program Files\Microsoft SQL Server\130\Tools\Binn\;C:\Program Files\MySQL\MySQL Shell 8.0\bin\;C:\Users\Admin\AppData\Local\Programs\Python\Python39\Scripts\;C:\Users\Admin\AppData\Local\Programs\Python\Python39\;C:\Users\Admin\AppData\Local\Microsoft\WindowsApps;C:\Program Files\JetBrains\IntelliJ IDEA Community Edition 2020.2\bin;;C:\Users\Admin\AppData\Local\GitHubDesktop\bin;C:\Users\Admin\AppData\Roaming\Composer\vendor\bin;C:\Program Files\JetBrains\IntelliJ IDEA 2021.2.1\bin;;C:\Users\Admin\.dotnet\tools
USERNAME=Admin
OS=Windows_NT
PROCESSOR_IDENTIFIER=Intel64 Family 6 Model 158 Stepping 13, GenuineIntel



---------------  S Y S T E M  ---------------

OS: Windows 10 , 64 bit Build 19041 (10.0.19041.1151)
OS uptime: 1 days 16:44 hours

CPU:total 8 (initial active 8) (4 cores per cpu, 2 threads per core) family 6 model 158 stepping 13, cmov, cx8, fxsr, mmx, sse, sse2, sse3, ssse3, sse4.1, sse4.2, popcnt, avx, avx2, aes, clmul, erms, 3dnowpref, lzcnt, ht, tsc, tscinvbit, bmi1, bmi2, adx, fma

Memory: 4k page, system-wide physical 8112M (471M free)
TotalPageFile size 16304M (AvailPageFile size 6M)
current process WorkingSet (physical memory assigned to process): 250M, peak: 251M
current process commit charge ("private bytes"): 352M, peak: 354M

vm_info: OpenJDK 64-Bit Server VM (11.0.8+10-b944.6842174) for windows-amd64 JRE (11.0.8+10-b944.6842174), built on Sep 19 2020 01:11:42 by "builder" with MS VC++ 14.0 (VS2015)

END.
